app/build/outputs/mapping/release/seeds.txt
com.mca.csdepartment.fragments.ContactFragment
com.mca.csdepartment.ProfileViewerActivity
com.mca.csdepartment.MainActivity
com.mca.csdepartment.fragments.SemesterDetailFragment
com.mca.csdepartment.fragments.ResourceContentFragment
com.mca.csdepartment.fragments.SubjectFoldersFragment
com.mca.csdepartment.fragments.MscCsDetailsFragment
com.mca.csdepartment.fragments.HomeFragment
com.mca.csdepartment.fragments.HelpFragment
com.mca.csdepartment.PdfViewerActivity
com.mca.csdepartment.fragments.CoursesFragment
com.mca.csdepartment.fragments.AboutFragment
com.mca.csdepartment.fragments.ContactFragment: ContactFragment()
com.mca.csdepartment.fragments.CoursesFragment: CoursesFragment()
com.mca.csdepartment.PdfViewerActivity: PdfViewerActivity()
com.mca.csdepartment.ProfileViewerActivity: ProfileViewerActivity()
com.mca.csdepartment.fragments.HelpFragment: HelpFragment()
com.mca.csdepartment.fragments.SemesterDetailFragment: SemesterDetailFragment()
com.mca.csdepartment.MainActivity: MainActivity()
com.mca.csdepartment.fragments.ResourceContentFragment: ResourceContentFragment()
com.mca.csdepartment.fragments.SubjectFoldersFragment: SubjectFoldersFragment()
com.mca.csdepartment.fragments.AboutFragment: AboutFragment()
com.mca.csdepartment.fragments.HomeFragment: HomeFragment()
com.mca.csdepartment.fragments.MscCsDetailsFragment: MscCsDetailsFragment()
...
androidx.core.view.MenuItemCompat$Api26Impl: android.view.MenuItem setIconTintMode(android.view.MenuItem,android.graphics.PorterDuff$Mode)
androidx.core.view.accessibility.AccessibilityManagerCompat$Api19Impl: boolean addTouchExplorationStateChangeListenerWrapper(android.view.accessibility.AccessibilityManager,androidx.core.view.accessibility.AccessibilityManagerCompat$TouchExplorationStateChangeListener)
androidx.core.view.WindowInsetsCompat$Impl21: boolean isConsumed()
com.google.android.material.imageview.ShapeableImageView: android.content.res.ColorStateList getStrokeColor()
androidx.appcompat.widget.AppCompatImageButton: void setSupportBackgroundTintMode(android.graphics.PorterDuff$Mode)
androidx.core.view.MenuItemCompat$Api26Impl: android.content.res.ColorStateList getIconTintList(android.view.MenuItem)
androidx.core.view.ViewCompat$Api26Impl: android.view.View keyboardNavigationClusterSearch(android.view.View,android.view.View,int)
com.google.android.material.navigation.NavigationBarMenuView: android.content.res.ColorStateList getIconTintList()
androidx.appcompat.widget.AppCompatRadioButton: void setSupportButtonTintMode(android.graphics.PorterDuff$Mode)
androidx.appcompat.widget.MenuPopupWindow$Api23Impl: void setEnterTransition(android.widget.PopupWindow,android.transition.Transition)
androidx.appcompat.widget.AppCompatTextView: void setTextFuture(java.util.concurrent.Future)
androidx.appcompat.widget.AppCompatSpinner: androidx.appcompat.widget.AppCompatSpinner$SpinnerPopup getInternalPopup()
androidx.appcompat.widget.AppCompatCheckedTextView: void setSupportBackgroundTintList(android.content.res.ColorStateList)
com.google.android.material.chip.Chip: void setChipMinHeight(float)
com.google.android.material.chip.Chip: float getChipMinHeight()
androidx.appcompat.widget.ActionBarContextView: void setTitle(java.lang.CharSequence)
androidx.appcompat.widget.Toolbar: void setOnMenuItemClickListener(androidx.appcompat.widget.Toolbar$OnMenuItemClickListener)
androidx.constraintlayout.helper.widget.Flow: void setLastHorizontalStyle(int)
androidx.appcompat.widget.AlertDialogLayout: AlertDialogLayout(android.content.Context,android.util.AttributeSet)
com.google.android.material.chip.Chip: void setTextEndPaddingResource(int)
androidx.appcompat.view.menu.ActionMenuItemView: void setChecked(boolean)
com.google.android.material.textfield.TextInputLayout: void setEndIconTintMode(android.graphics.PorterDuff$Mode)
androidx.activity.OnBackPressedDispatcher$Api33Impl: void unregisterOnBackInvokedCallback(java.lang.Object,java.lang.Object)
androidx.appcompat.view.menu.ListMenuItemView: void setSubMenuArrowVisible(boolean)
com.google.android.material.chip.Chip: void setChipTextResource(int)
androidx.core.view.WindowInsetsCompat$BuilderImpl30: WindowInsetsCompat$BuilderImpl30(androidx.core.view.WindowInsetsCompat)
com.google.android.material.button.MaterialButton: void setSupportBackgroundTintMode(android.graphics.PorterDuff$Mode)
androidx.appcompat.widget.LinearLayoutCompat: void setMeasureWithLargestChildEnabled(boolean)
androidx.appcompat.widget.Toolbar: int getTitleMarginBottom()
com.google.android.material.chip.Chip: android.graphics.drawable.Drawable getCloseIcon()
com.google.android.material.snackbar.Snackbar$SnackbarLayout: Snackbar$SnackbarLayout(android.content.Context,android.util.AttributeSet)
androidx.constraintlayout.widget.ConstraintLayout: java.lang.String getSceneString()
androidx.appcompat.widget.AppCompatTextView: void setSupportBackgroundTintList(android.content.res.ColorStateList)
androidx.core.view.ViewCompat$Api28Impl: boolean isAccessibilityHeading(android.view.View)
androidx.exifinterface.media.ExifInterfaceUtils$Api23Impl: void setDataSource(android.media.MediaMetadataRetriever,android.media.MediaDataSource)
com.google.android.material.bottomnavigation.BottomNavigationView: int getMaxItemCount()
androidx.appcompat.widget.AppCompatTextView: void setSupportBackgroundTintMode(android.graphics.PorterDuff$Mode)