app/build/outputs/mapping/release/mapping.txt
# compiler: R8
# compiler_version: 9.2.14
# min_api: 24
# common_typos_disable
# {"id":"com.android.tools.r8.mapping","version":"2.2"}
# pg_map_id: f4602f9983bf711533fd01d5a0df6db60534658ed2c2e6e48765ff0b705f4a8b
# pg_map_hash: SHA-256 f4602f9983bf711533fd01d5a0df6db60534658ed2c2e6e48765ff0b705f4a8b
com.mca.csdepartment.MainActivity -> com.mca.csdepartment.MainActivity:
# {"id":"sourceFile","fileName":"MainActivity.kt"}
    com.mca.csdepartment.databinding.ActivityMainBinding binding -> v
      # {"id":"com.android.tools.r8.residualsignature","signature":"Lj20;"}
    int $r8$clinit -> w
      # {"id":"com.android.tools.r8.synthesized"}
    1:4:void <init>():16:16 -> <init>
    1:4:void onBackPressed():112:112 -> onBackPressed
    5:9:int androidx.fragment.app.FragmentManager.getBackStackEntryCount():797:797 -> onBackPressed
    5:9:void onBackPressed():112 -> onBackPressed
      # {"id":"com.android.tools.r8.rewriteFrame","conditions":["throws(Ljava/lang/NullPointerException;)"],"actions":["removeInnerFrames(1)"]}
    10:17:int androidx.fragment.app.FragmentManager.getBackStackEntryCount():797:797 -> onBackPressed
    10:17:void onBackPressed():112 -> onBackPressed
    18:24:void onBackPressed():113:113 -> onBackPressed
    25:34:void androidx.fragment.app.FragmentManager.popBackStack():682:682 -> onBackPressed
    25:34:void onBackPressed():113 -> onBackPressed
    35:38:void onBackPressed():115:115 -> onBackPressed
    1:12:void androidx.core.splashscreen.SplashScreen.<init>(android.app.Activity):125:125 -> onCreate
    1:12:void androidx.core.splashscreen.SplashScreen.<init>(android.app.Activity,kotlin.jvm.internal.DefaultConstructorMarker):0 -> onCreate
com.mca.csdepartment.MainActivity$$ExternalSyntheticLambda0 -> fz:
# {"id":"sourceFile","fileName":"R8$$SyntheticClass"}
# {"id":"com.android.tools.r8.synthesized"}
    int MainActivity$$ExternalSyntheticLambda0.$r8$classId -> a
      # {"id":"com.android.tools.r8.synthesized"}
    com.mca.csdepartment.MainActivity com.mca.csdepartment.MainActivity$$InternalSyntheticLambda$1$7687638113fce76c4d2080d375c7ac71965e7015bc53b8f089e9e9afacf9ec0c$0.f$0 -> b
      # {"id":"com.android.tools.r8.synthesized"}
    1:8:void MainActivity$$ExternalSyntheticLambda0.<init>(com.mca.csdepartment.MainActivity,int):0:0 -> <init>
      # {"id":"com.android.tools.r8.synthesized"}
    11:24:void com.mca.csdepartment.MainActivity.onCreate$lambda$4(com.mca.csdepartment.MainActivity,android.view.View):43:43 -> onClick
      # {"id":"com.android.tools.r8.residualsignature","signature":"(Landroid/view/View;)V"}
    25:40:void com.mca.csdepartment.MainActivity.onCreate$lambda$4(com.mca.csdepartment.MainActivity,android.view.View):44:44 -> onClick
    41:44:void com.mca.csdepartment.MainActivity.onCreate$lambda$4(com.mca.csdepartment.MainActivity,android.view.View):43:43 -> onClick
    45:58:void com.mca.csdepartment.MainActivity.onCreate$lambda$3(com.mca.csdepartment.MainActivity,android.view.View):39:39 -> onClick
    59:74:void com.mca.csdepartment.MainActivity.onCreate$lambda$3(com.mca.csdepartment.MainActivity,android.view.View):40:40 -> onClick
...
okhttp3.internal.platform.android.AndroidLog -> a3:
# {"id":"sourceFile","fileName":"AndroidLog.kt"}
    java.util.concurrent.CopyOnWriteArraySet configuredLoggers -> a
    java.util.Map knownLoggers -> b
    1:7:void <clinit>():54:54 -> <clinit>
    8:12:void <clinit>():56:56 -> <clinit>
    13:28:void <clinit>():57:57 -> <clinit>
    29:33:void <clinit>():60:60 -> <clinit>
    34:42:void <clinit>():63:63 -> <clinit>
    43:53:void <clinit>():64:64 -> <clinit>
    54:64:void <clinit>():65:65 -> <clinit>
    65:71:void <clinit>():66:66 -> <clinit>
    72:80:java.util.Map kotlin.collections.MapsKt__MapsKt.toMap(java.util.Map):625:625 -> <clinit>
    72:80:void <clinit>():67 -> <clinit>
    81:86:java.util.Map kotlin.collections.MapsKt__MapsKt.toMutableMap(java.util.Map):637:637 -> <clinit>
    81:86:java.util.Map kotlin.collections.MapsKt__MapsKt.toMap(java.util.Map):628 -> <clinit>
    81:86:void <clinit>():67 -> <clinit>
    87:116:java.util.Map kotlin.collections.MapsKt__MapsJVMKt.toSingletonMap(java.util.Map):139:139 -> <clinit>
    87:116:java.util.Map kotlin.collections.MapsKt__MapsKt.toMap(java.util.Map):627 -> <clinit>
    87:116:void <clinit>():67 -> <clinit>
    117:118:java.util.Map kotlin.collections.MapsKt__MapsKt.toMap(java.util.Map):629:629 -> <clinit>
    117:118:void <clinit>():67 -> <clinit>
    119:121:void <clinit>():67:67 -> <clinit>
okhttp3.internal.platform.android.AndroidLogHandler -> b3:
# {"id":"sourceFile","fileName":"AndroidLog.kt"}
    okhttp3.internal.platform.android.AndroidLogHandler INSTANCE -> a
      # {"id":"com.android.tools.r8.residualsignature","signature":"Lb3;"}
    3:5:void <init>():37:37 -> <clinit>
    3:5:void <clinit>():0 -> <clinit>
    6:8:void <clinit>():0:0 -> <clinit>
    1:1:void close():46:46 -> close
    1:1:void flush():43:43 -> flush
    4:12:void publish(java.util.logging.LogRecord):39:39 -> publish
    13:31:int okhttp3.internal.platform.android.AndroidLogKt.getAndroidLevel(java.util.logging.LogRecord):32:32 -> publish
    13:31:int okhttp3.internal.platform.android.AndroidLogKt.access$getAndroidLevel(java.util.logging.LogRecord):1 -> publish
    13:31:void publish(java.util.logging.LogRecord):39 -> publish
    32:48:int okhttp3.internal.platform.android.AndroidLogKt.getAndroidLevel(java.util.logging.LogRecord):33:33 -> publish
    32:48:int okhttp3.internal.platform.android.AndroidLogKt.access$getAndroidLevel(java.util.logging.LogRecord):1 -> publish
    32:48:void publish(java.util.logging.LogRecord):39 -> publish
    49:59:void publish(java.util.logging.LogRecord):39:39 -> publish
    60:75:java.lang.String okhttp3.internal.platform.android.AndroidLog.loggerTag(java.lang.String):95:95 -> publish
    60:75:void okhttp3.internal.platform.android.AndroidLog.androidLog$okhttp(java.lang.String,int,java.lang.String,java.lang.Throwable):70 -> publish
okhttp3.internal.platform.android.AndroidLogKt -> R8$$REMOVED$$CLASS$$237:
# {"id":"sourceFile","fileName":"AndroidLog.kt"}