app/build/outputs/mapping/release/usage.txt
com.mca.csdepartment.MainActivity:
    public final void hideMainBottomNav()
    public final void showMainBottomNav()
com.mca.csdepartment.R$anim:
    private void <init>()
com.mca.csdepartment.R$color
com.mca.csdepartment.R$drawable:
    public static int bg_badge
    public static int bg_circle_button
    public static int bg_dashed_border
    public static int bg_drawer_active
    public static int bg_drawer_inactive
    public static int bg_icon_circle
    public static int bg_msc_hero
    public static int bg_resource_card
    public static int bg_resource_card_active
    public static int bg_solid_gray
    public static int circle_primary
    public static int developer_profile
    public static int divider_gradient
    public static int dot_active
    public static int dot_inactive
    public static int ic_about
    public static int ic_assignments
    public static int ic_chevron_left
    public static int ic_chevron_right
    public static int ic_contact
    public static int ic_course
    public static int ic_diploma
    public static int ic_gmail
    public static int ic_help
    public static int ic_home
    public static int ic_launcher_background
    public static int ic_launcher_foreground
    public static int ic_megaphone
    public static int ic_monitor
    public static int ic_phone
    public static int ic_practical_files
    public static int ic_pyqs_bank
    public static int ic_school
    public static int ic_sessional_test
    public static int ic_table
    public static int ic_verified
    public static int ic_whatsapp
    public static int tab_selector
    public static int university_building
    private void <init>()
com.mca.csdepartment.R$font
com.mca.csdepartment.R$id:
    public static int bottomBar
    public static int drawer_layout
    public static int pdfProgressBar
    private void <init>()
com.mca.csdepartment.R$layout:
    private void <init>()
com.mca.csdepartment.R$menu
com.mca.csdepartment.R$mipmap
com.mca.csdepartment.R$string:
    public static int about_body
    public static int about_title
    public static int badge1
    public static int badge2
    public static int established
    public static int nav_about
    public static int nav_contact
    public static int nav_course
    public static int nav_help
    public static int nav_home
    public static int university_name
    private void <init>()
com.mca.csdepartment.R$style
com.mca.csdepartment.R
com.mca.csdepartment.databinding.ActivityMainBinding:
    public synthetic bridge android.view.View getRoot()
com.mca.csdepartment.databinding.ActivityPdfViewerBinding
com.mca.csdepartment.databinding.ActivityProfileViewerBinding
com.mca.csdepartment.databinding.FragmentAboutBinding:
    public synthetic bridge android.view.View getRoot()
    public static com.mca.csdepartment.databinding.FragmentAboutBinding inflate(android.view.LayoutInflater)
com.mca.csdepartment.databinding.FragmentContactBinding:
    public synthetic bridge android.view.View getRoot()
    public static com.mca.csdepartment.databinding.FragmentContactBinding inflate(android.view.LayoutInflater)
com.mca.csdepartment.databinding.FragmentCoursesBinding:
    public synthetic bridge android.view.View getRoot()
    public static com.mca.csdepartment.databinding.FragmentCoursesBinding inflate(android.view.LayoutInflater)
com.mca.csdepartment.databinding.FragmentHelpBinding:
    public synthetic bridge android.view.View getRoot()
    public static com.mca.csdepartment.databinding.FragmentHelpBinding inflate(android.view.LayoutInflater)
com.mca.csdepartment.databinding.FragmentHomeBinding:
    public synthetic bridge android.view.View getRoot()
    public static com.mca.csdepartment.databinding.FragmentHomeBinding inflate(android.view.LayoutInflater)
...
androidx.vectordrawable.graphics.drawable.VectorDrawableCompat$VClipPath:
    public final void inflate()
androidx.vectordrawable.graphics.drawable.VectorDrawableCompat$VFullPath:
    public int[] mThemeAttrs
    public final void inflate()
androidx.vectordrawable.graphics.drawable.VectorDrawableCompat$VGroup:
    public int mChangingConfigurations
    public int[] mThemeAttrs
    public final void inflate()
androidx.vectordrawable.graphics.drawable.VectorDrawableCompat$VPath:
    public int mChangingConfigurations
    public abstract boolean isClipPath()
    public abstract void toPath()
androidx.vectordrawable.graphics.drawable.VectorDrawableCompat$VPathRenderer:
    public int mChangingConfigurations
    public static void draw()
    public static boolean isStateful()
    public static boolean onStateChanged()
androidx.vectordrawable.graphics.drawable.VectorDrawableCompat$VectorDrawableCompatState:
    public static boolean canReuseBitmap()
    public static boolean canReuseCache()
    public static void createCachedBitmapIfNeeded()
    public static void drawCachedBitmapWithRootAlpha()
    public static android.graphics.Paint getPaint()
    public static boolean hasTranslucentRoot()
    public final boolean isStateful()
    public static boolean onStateChanged()
    public static void updateCacheStates()
    public final void updateCachedBitmap(int,int)
androidx.vectordrawable.graphics.drawable.VectorDrawableCompat:
    public android.graphics.drawable.Drawable$ConstantState mCachedConstantStateDelegate
    public static int applyAlpha(int,float)
    public final java.lang.Object getTargetByName(java.lang.String)
    public static void setAllowCaching()
androidx.versionedparcelable.ParcelImpl$1:
    public static androidx.versionedparcelable.ParcelImpl createFromParcel()
    public static androidx.versionedparcelable.ParcelImpl[] newArray()
androidx.versionedparcelable.VersionedParcel:
    public abstract void closeField()
    public abstract boolean isStream()
    public abstract boolean readBoolean()
    public final boolean readBoolean(boolean,int)
    public abstract byte[] readByteArray()
    public abstract byte[] readByteArray$1()
    public abstract java.lang.CharSequence readCharSequence()
    public final java.lang.CharSequence readCharSequence(java.lang.CharSequence,int)
    public abstract androidx.versionedparcelable.VersionedParcelable readFromParcel()
    public abstract int readInt()
    public final int readInt(int,int)
    public abstract android.os.Parcelable readParcelable()
    public abstract java.lang.String readString()
    public final java.lang.String readString(java.lang.String,int)
    public abstract androidx.versionedparcelable.VersionedParcelable readVersionedParcelable()
    public abstract void setSerializationFlags()
    public abstract void writeBoolean()
    public final void writeBoolean(boolean,int)
    public abstract void writeByteArray()
    public abstract void writeByteArray$1()
    public abstract void writeCharSequence()
    public final void writeCharSequence(java.lang.CharSequence,int)
    public abstract void writeInt(int)
    public final void writeInt(int,int)
    public abstract void writeParcelable()
    public final void writeParcelable(android.os.Parcelable,int)
    public abstract void writeString(java.lang.String)
androidx.versionedparcelable.VersionedParcelParcel:
    public final void closeField()
    public final boolean readBoolean()
    public final byte[] readByteArray()
    public final java.lang.CharSequence readCharSequence()
    public final int readInt()
    public final android.os.Parcelable readParcelable()
    public final java.lang.String readString()
    public final void writeBoolean()
    public final void writeByteArray()
    public final void writeCharSequence()
    public final void writeInt(int)
    public final void writeParcelable()
    public final void writeString(java.lang.String)